CRITICAL - 2022-09-22 08:44:15 --> Call to a member function getRandomName() on null
#0 /home/horizonte/web/aeroespacial.unihorizonte.edu.co/public_html/system/CodeIgniter.php(832): App\Controllers\Perfil->actualizarperfil()
#1 /home/horizonte/web/aeroespacial.unihorizonte.edu.co/public_html/system/CodeIgniter.php(419): CodeIgniter\CodeIgniter->runController(Object(App\Controllers\Perfil))
#2 /home/horizonte/web/aeroespacial.unihorizonte.edu.co/public_html/system/CodeIgniter.php(326): CodeIgniter\CodeIgniter->handleRequest(NULL, Object(Config\Cache), false)
#3 /home/horizonte/web/aeroespacial.unihorizonte.edu.co/public_html/index.php(75): CodeIgniter\CodeIgniter->run()
#4 {main}
CRITICAL - 2022-09-22 08:44:22 --> Call to a member function getRandomName() on null
#0 /home/horizonte/web/aeroespacial.unihorizonte.edu.co/public_html/system/CodeIgniter.php(832): App\Controllers\Perfil->actualizarperfil()
#1 /home/horizonte/web/aeroespacial.unihorizonte.edu.co/public_html/system/CodeIgniter.php(419): CodeIgniter\CodeIgniter->runController(Object(App\Controllers\Perfil))
#2 /home/horizonte/web/aeroespacial.unihorizonte.edu.co/public_html/system/CodeIgniter.php(326): CodeIgniter\CodeIgniter->handleRequest(NULL, Object(Config\Cache), false)
#3 /home/horizonte/web/aeroespacial.unihorizonte.edu.co/public_html/index.php(75): CodeIgniter\CodeIgniter->run()
#4 {main}
ERROR - 2022-09-22 08:45:30 --> Duplicate entry '0' for key 'PRIMARY'
ERROR - 2022-09-22 08:48:57 --> Duplicate entry '0' for key 'PRIMARY'
ERROR - 2022-09-22 09:13:20 --> Duplicate entry '0' for key 'PRIMARY'
ERROR - 2022-09-22 09:13:58 --> Duplicate entry '0' for key 'PRIMARY'
ERROR - 2022-09-22 09:14:22 --> Duplicate entry '0' for key 'PRIMARY'
ERROR - 2022-09-22 09:14:34 --> Duplicate entry '0' for key 'PRIMARY'
ERROR - 2022-09-22 09:14:45 --> Duplicate entry '0' for key 'PRIMARY'
ERROR - 2022-09-22 09:15:18 --> Duplicate entry '0' for key 'PRIMARY'
ERROR - 2022-09-22 09:15:49 --> Duplicate entry '0' for key 'PRIMARY'
